SPDY Server running at https://101.200.191.40:443/
SPDY Server running at https://101.200.191.40:443/
SPDY Server running at https://0.0.0.0:443/
crypto.js:70
  this._handle.update(data, encoding);
               ^

TypeError: Not a string or buffer
    at TypeError (native)
    at Hash.update (crypto.js:70:16)
    at exports.index.fs.readFile (/root/git-house/simple-node-mvc/controllers/index.js:70:10)
    at Object.exports.handlerRequest (/root/git-house/simple-node-mvc/server.js:56:43)
    at IncomingMessage.<anonymous> (/root/git-house/simple-node-mvc/spdy.js:21:16)
    at emitNone (events.js:80:13)
    at IncomingMessage.emit (events.js:179:7)
    at endReadableNT (_stream_readable.js:906:12)
    at nextTickCallbackWith2Args (node.js:475:9)
    at process._tickCallback (node.js:389:17)
SPDY Server running at https://0.0.0.0:443/
SPDY Server running at https://0.0.0.0:443/
add new userAgent1a4756de132c9e84e704ae6f7b2d1d327178d995731835d27bad5096bcd006e8
add new userAgenta04d2890e0c14dc29a3a584e4b1f1a530a003f8328d38df49e1b6d408529d2bd
add new userAgent3a5a319663e42275d264c0d49636fe3673c4ace35a759d89f400715744532cbd
add new userAgent458e86980324f0715f9793eab37c88e408df21a82bbefa801f75cd4f410fdef3
crypto.js:70
  this._handle.update(data, encoding);
               ^

TypeError: Not a string or buffer
    at TypeError (native)
    at Hash.update (crypto.js:70:16)
    at exports.index.fs.readFile (/root/git-house/simple-node-mvc/controllers/index.js:70:10)
    at Object.exports.handlerRequest (/root/git-house/simple-node-mvc/server.js:56:43)
    at IncomingMessage.<anonymous> (/root/git-house/simple-node-mvc/spdy.js:21:16)
    at emitNone (events.js:80:13)
    at IncomingMessage.emit (events.js:179:7)
    at endReadableNT (_stream_readable.js:906:12)
    at nextTickCallbackWith2Args (node.js:475:9)
    at process._tickCallback (node.js:389:17)
SPDY Server running at https://0.0.0.0:443/
add new userAgentdd41a7d6ec56edf7b72431b6c503d8eb6d7ae0212f0e4d5ee6539721f4088afc
add new userAgentfad0b65151839fd9ee2c3d9cbf6aed5f51dcf92f2ba47f04e54933ef46e82220
crypto.js:70
  this._handle.update(data, encoding);
               ^

TypeError: Not a string or buffer
    at TypeError (native)
    at Hash.update (crypto.js:70:16)
    at exports.index.fs.readFile (/root/git-house/simple-node-mvc/controllers/index.js:70:10)
    at Object.exports.handlerRequest (/root/git-house/simple-node-mvc/server.js:56:43)
    at IncomingMessage.<anonymous> (/root/git-house/simple-node-mvc/spdy.js:21:16)
    at emitNone (events.js:80:13)
    at IncomingMessage.emit (events.js:179:7)
    at endReadableNT (_stream_readable.js:906:12)
    at nextTickCallbackWith2Args (node.js:475:9)
    at process._tickCallback (node.js:389:17)
SPDY Server running at https://0.0.0.0:443/
SPDY Server running at https://0.0.0.0:443/
add new userAgentfcc9c782ca6275baebf006e6dea71b934fc4b86e59732869b18eb9ef15791526
add new userAgent9419119fb72b0cb77015ceb4580cd0b3df802b07500a592f9abf3fb89b14888d
add new userAgent195c81c79b3a2baeb7bb165a73769f3ddcc99330c91ca3af766bbf462be1d82f
add new userAgent85bf213972603c908ad02847755338cbd21a93bccf3a6d04b55d683b3b1c34d5
add new userAgentacef8fff1a649737dca034ea6ee3a7ec311fc598be462fd66b1ad027c730f408
add new userAgent9bec65c99dd0496aee126fcc5b35b15dc11d8beeeb5f94b1bbf07d24e8b6823c
add new userAgentb2299e530ad44da3587c78d4d2721ab6bea64bc24e248cb80c833c01c74aa696
add new userAgent1b7f8ad6afd41c2cfc5a99b0a5d6fb3be230435b7d4d51e2930d13ea0485189d
add new userAgent51d97be1303fc2197987ea11c4e1713596f484284936162f71518e0af374d5f5
add new userAgentd8fea3bdac8fd115debeccb24aaf59001103e6b8598797773ea4e364205738c9
add new userAgent3596694ef4bf318375f832f81feebeabbde86cab8ba77094997f7d85e3e940b2
add new userAgent180050cb76309ecd4e9e895a18ed06b490500b93ab309126d91a9719e69097b7
add new userAgentd1dc669b08e2d111c86342448fdae44f26cfdc01137e7ed30a4ab152374761b7
add new userAgent996ea0279a7d52101f636691aeb3ac80da29c8d67bc3682e6e3e5e530f61a1b3
add new userAgenta204d897feb62c64ad418551319bdb853673eeb22b73ebedd47a03be73e071de
add new userAgentff110d6c8efd33109eee14ae3b1b1ec53d198edaa4a9d055431bf607788cd480
undefined:1
undefined
^

SyntaxError: Unexpected token u
    at Object.parse (native)
    at Request._callback (/root/git-house/simple-node-mvc/controllers/index.js:85:50)
    at self.callback (/root/git-house/simple-node-mvc/node_modules/request/request.js:199:22)
    at emitOne (events.js:90:13)
    at Request.emit (events.js:182:7)
    at Request.onRequestError (/root/git-house/simple-node-mvc/node_modules/request/request.js:821:8)
    at emitOne (events.js:90:13)
    at ClientRequest.emit (events.js:182:7)
    at Socket.socketErrorListener (_http_client.js:262:9)
    at emitOne (events.js:90:13)
SPDY Server running at https://0.0.0.0:443/
add new userAgentd7033662bc43e4d7a60776738978924024863888db1ca599be85886f21b55b66
add new userAgent3d89db7890ec40e23642860702ee53e8512dd529dbccc4007a87c6ce4d5698e7
add new userAgentc46cc6f7db15db775833c255003e8bed233a7704b3c1c3b0c7c6b7b6c07fc2c1
add new userAgent6428294f26427c45e293a8558850edcc938453f4e61e3733f32f7aad0bd5609f
add new userAgent3d0fa21d63336d3a3c6bf3a5a4ef051d5c7db857d8a94fb2ae24650b43f98d38
add new userAgent31c797916020d49b37c370911b9b3a98ee092435188286a3725a94ceaca8042c
add new userAgent1dccdc76eff4c2d04a608358f698a830f23c9ce4891ebb6c09fd656c1a86390e
add new userAgent3b93c1bb92b7884282b726ad684ff78fd43c51ba3b9f3d2fd297168118c05421
add new userAgent48c495fe4aa2e14d5cf68fa02b3fb3d3e31ad78b294369910dc2516d2a3466c4
add new userAgent5c56c92b5b38dd94b74aa1e196fbf3cda4b5239e706ed4c3b9189d8256fb449e
add new userAgent9e074dbbd90661fbc7ab3fdee762bdcad240837820833b1364fc1ff97ad66d7c
add new userAgentfaa543309d6a5160948b8ae8249eeef0f7f268c797bc7d808a5635c240bc76a4
add new userAgent6a7e0c9dd03a9bc37345835fa9ef22fef0e682e71590186ed479daa4dfc2540d
add new userAgent743f16e4c1b1cc9700ed00a99ad4725b1c853a8f62b5597e8c232a5b5eda7cdb
add new userAgenteb11c0aa63c6c73ed46d2addc05104c2f31fee83f1f1a41b514b0e2be7bb8503
add new userAgent49b96bd43e2a52cc788c1d4dd789182fcadaa067d1d31be155c4a53d1e89332b
add new userAgentff2f0fcb0f920a0b58044778cf9ecd6a404d52819b94533b2850fad770585eff
add new userAgent6514a3a3201825d170d26c9cf354959c9f26a17ea503426fea1e0f86d4b7bda3
add new userAgent00df535c424e502557e1ec17bc36299ada10833703491f2039bac71cb6acb9e4
add new userAgent59b47412cba06f6f6d19a4853e42bc39c5abdf99f6783ffea9a184419b63ec2d
add new userAgenta566986604e380ebd217cb95e62369174cb54aa541d08516d3cb2f9e6b84aacc
add new userAgentfa6a9c7612b428ae11d14f208d8d3b6be4f19573c1321081c40b3852e12e9037
add new userAgent7a7d194c911bfbf56e7145669bb4c13baece8dc0d2b8f8becfeaae322f2aad68
add new userAgent4d30c9e241d242b74608e1d34c1eace676ce8b759b84156712c870eefe53c1b1
add new userAgent78d42b79d4d1e29a4821a3e33fccbb25f68755fc44f870bd0652849db92606f9
add new userAgentc055506c4a3fa0018ca5dba83c9ee8b9dba7b55fb1aac70a590bb33554127a8a
add new userAgent80d48604be289b9cf33a0a544e9928bd5aa9f4cb1fe79cb3d566d75d285179e2
add new userAgent36f8405b5882e341392e9a56c547f11e5a5b9a4cbbc3b50b2daebfa2cf035a94
events.js:154
      throw er; // Unhandled 'error' event
      ^

Error: EISDIR: illegal operation on a directory, read
    at Error (native)
SPDY Server running at https://0.0.0.0:443/
events.js:154
      throw er; // Unhandled 'error' event
      ^

Error: listen EADDRINUSE 0.0.0.0:80
    at Object.exports._errnoException (util.js:856:11)
    at exports._exceptionWithHostPort (util.js:879:20)
    at Server._listen2 (net.js:1227:14)
    at listen (net.js:1263:10)
    at net.js:1372:9
    at nextTickCallbackWith3Args (node.js:486:9)
    at process._tickCallback (node.js:392:17)
    at Function.Module.runMain (module.js:449:11)
    at startup (node.js:140:18)
    at node.js:1001:3
add new userAgent6887d7dedb0980044c9e9027894f1378c957c22c7a20001b3318b744dead93a5
add new userAgent2ebc989aa225afa3e94a6f682790da207b99bf910a7568a7158c17b60179a558
add new userAgent1e7a2b14011d3c67a240a3401606de25dfa6b2617c244ab831724b65b75f27f6
add new userAgent8745e0335c107080a6e30150f7f754030d0aabbbc0edabf774f58278cc26dc41
add new userAgent6fa957476adad5164840d5e022460ce0993a90c57777f0a33276eceafd353ca7
add new userAgent1daa2a07f6e0026e028b297742f252f17f6b0cc4e4a314d298619f1911f7f761
add new userAgent5bdf950de46c7f0b36d00b4a751405d09210c9894c1365598ce1630ae91a993c
add new userAgent59526c12240409f3883ab6bedd7a66602ed9e7b9b1c07912fdf1ae5ab2cd1d0d
add new userAgentac961df2bff754e6c8bee9158744760c0f4aba1ff817baba6ae341e4744f6e77
add new userAgent396db8138e2ef80a9779db575c43ad5cc577b52f8431cce7f90cfcef9a2c4300
add new userAgentd173612cb9452847dc2ea39c7d5353a16fce5340b77fd3cff769c4157f7c3618
undefined:1
undefined
^

SyntaxError: Unexpected token u
    at Object.parse (native)
    at Request._callback (/root/git-house/simple-node-mvc/controllers/index.js:85:50)
    at self.callback (/root/git-house/simple-node-mvc/node_modules/request/request.js:199:22)
    at emitOne (events.js:90:13)
    at Request.emit (events.js:182:7)
    at Request.onRequestError (/root/git-house/simple-node-mvc/node_modules/request/request.js:821:8)
    at emitOne (events.js:90:13)
    at ClientRequest.emit (events.js:182:7)
    at Socket.socketOnEnd (_http_client.js:298:9)
    at emitNone (events.js:85:20)
SPDY Server running at https://0.0.0.0:443/
add new userAgentb2ca4ee1a6d8b74b5cd64476605b4c8c509de4223742b0731b89b8e48d4c1c73
add new userAgentf174cdcb2ac53e6287b6a1cad8e0f975fd8cf2523cbd8e49cbd126e84068c591
add new userAgent48b2e6019669a6412458a30ea536365c5efe3a6db8d3522feb3a8c52d1f92962
add new userAgent683409b8c8a18af08839fe975d716eeffdb0046b03ebab880efebaabf6b8688a
add new userAgent85f0e5a84957ccf84a07aab235ac0cbda83ca511d5146112fc7e78ddb3ff3ac5
add new userAgent789b85cec639d3645bc3495a2ef5e545b63d3db2d6f2a21e3bd83557373101ba
add new userAgentc5ed53fc56bd4fd75730b1aac76c2f2ac2ae65b336623293c4c1c7fd8debc8fd
add new userAgent67dd63997e9069d8dc9c19f40c5d9f65c8dbd967e8c7415daeebd9d6b61d0e61
add new userAgentac3c64aaf16665b9e369a1c841232a9c3e00cd15f3d5feb41a0f7839b06563d3
add new userAgent5f951f316deb7671d32ed97034f5fc5d51eb8c0f3ebf878609a0e47bae36df9a
add new userAgentae32b84ca111616ffdf4edf10e358064de1b2951810af39f58625ebf3cb2e6f9
add new userAgentb62ffac916a79f95ac2947848ceb5dcd5e48bcbbc701dd652e37bba946647c4f
add new userAgent6071f0bba9f44cc1ed01912b01aa8dcd6f876f4b80e758eb18388241cfed966a
add new userAgentab379eb61e3c44947fb352ca253bfaa9ac17bf4c02ea9ce187de98a5a06ddf02
add new userAgentd2628702c0e6ba74342592008eeed578ce898b45fc6a198d6838801d60ca36f8
add new userAgent369f833ca6bf975e2372e36a0f9477698ec0264eb7bf21c4cffd70d787c793d3
undefined:1
undefined
^

SyntaxError: Unexpected token u
    at Object.parse (native)
    at Request._callback (/root/git-house/simple-node-mvc/controllers/index.js:85:50)
    at self.callback (/root/git-house/simple-node-mvc/node_modules/request/request.js:199:22)
    at emitOne (events.js:90:13)
    at Request.emit (events.js:182:7)
    at Request.onRequestError (/root/git-house/simple-node-mvc/node_modules/request/request.js:821:8)
    at emitOne (events.js:90:13)
    at ClientRequest.emit (events.js:182:7)
    at Socket.socketErrorListener (_http_client.js:262:9)
    at emitOne (events.js:90:13)
SPDY Server running at https://0.0.0.0:443/
add new userAgentcf0e856b14f050ed8d2cae57681074b13c4ed4ca94125d790aa25693d0f8ee10
add new userAgentb448047a054606fd22972e4f41563b043c5b1174477c5ddba440155796ac0e72
add new userAgentf5bbc70c06ad4f304c0a85726183b0ebc2eb1ca65c0289b3ab47b616e0594271
add new userAgentab9f38dc2b091424754271cc5f7ff16d8276e79271a9d0e7eb69e5301880a555
add new userAgent76b93817b8f7b393726dd45d973d938001feab623ff56e499d44c72323a5d532
undefined:1
undefined
^

SyntaxError: Unexpected token u
    at Object.parse (native)
    at Request._callback (/root/git-house/simple-node-mvc/controllers/index.js:85:50)
    at self.callback (/root/git-house/simple-node-mvc/node_modules/request/request.js:199:22)
    at emitOne (events.js:90:13)
    at Request.emit (events.js:182:7)
    at Request.onRequestError (/root/git-house/simple-node-mvc/node_modules/request/request.js:821:8)
    at emitOne (events.js:90:13)
    at ClientRequest.emit (events.js:182:7)
    at Socket.socketErrorListener (_http_client.js:262:9)
    at emitOne (events.js:90:13)
SPDY Server running at https://0.0.0.0:443/
add new userAgenta6ee43f6a06a6efaf49f4c2431e21e0d3449815cc3f2918b6435dc668c97aeb4
events.js:154
      throw er; // Unhandled 'error' event
      ^

Error: listen EADDRINUSE 0.0.0.0:80
    at Object.exports._errnoException (util.js:856:11)
    at exports._exceptionWithHostPort (util.js:879:20)
    at Server._listen2 (net.js:1227:14)
    at listen (net.js:1263:10)
    at net.js:1372:9
    at nextTickCallbackWith3Args (node.js:486:9)
    at process._tickCallback (node.js:392:17)
    at Function.Module.runMain (module.js:449:11)
    at startup (node.js:140:18)
    at node.js:1001:3
add new userAgent6f018e43d5037cff8788c770143bd60304d933a03410c8143303f2e8f80e1c54
add new userAgentf93bf90caf9c2d6f21a48f869b3fa9bb66b68650b7a45b1bf2a4edc585d1d788
add new userAgent420439aff22868998171353682cedc43e2223f6826e073ecd9609c9bbeb3347b
SPDY Server running at https://0.0.0.0:443/
add new userAgentdf16cd9c5580834ac8e66fc4546260c833dae948cf973d28cf28c9d44c295d87
add new userAgent61aa4f7d81b9058341ccfe6ab2d28d08e83712465ff5a3e01cf3ca51d42207ef
add new userAgent7074732d826d5f44f0aa217ed4bff175198396c22af1e61619d3128e7f5003ca
add new userAgent32f021ed67ae4c8606180497f63b1e0161432ccf3f62747a22696c53f0124ee8
add new userAgent15736b69f98db664a8a0c472fb4dffee88e87defc02fa75eaf996df8f3b4cb46
add new userAgent41d265c0126cfa3c876bce8878f57dea692a5791ea35f9c4918f8ea6276bc83e
add new userAgent38b8d145145f90d7590974dba8fb3dc45342e3ab02d17bb158efc6d13442abcf
add new userAgent66d94e699a2cd71a7b160305561a5832bc0f56fefb5390fffe60d0441ee6a123
add new userAgentcf20d513fce2e2424e20fa7dc750d12b326d13a6f9b07adf56ab2ecc798275f8
add new userAgentad503bfaa6608258dc558616f610fbc54fc298bd6c71d7bac47233edecf8c8ff
undefined:1
undefined
^

SyntaxError: Unexpected token u
    at Object.parse (native)
    at Request._callback (/root/git-house/simple-node-mvc/controllers/index.js:85:50)
    at self.callback (/root/git-house/simple-node-mvc/node_modules/request/request.js:199:22)
    at emitOne (events.js:90:13)
    at Request.emit (events.js:182:7)
    at Request.onRequestError (/root/git-house/simple-node-mvc/node_modules/request/request.js:821:8)
    at emitOne (events.js:90:13)
    at ClientRequest.emit (events.js:182:7)
    at Socket.socketErrorListener (_http_client.js:262:9)
    at emitOne (events.js:90:13)
SPDY Server running at https://0.0.0.0:443/
add new userAgent7502c05143ef5ca8c934b5e6e8a66220bb31decb577247c40a4be803a222df37
add new userAgente06ba7d6acfe685693e1d71af40a24ea72455d3b399e7ce725214c4806808cbe
undefined:1
undefined
^

SyntaxError: Unexpected token u
    at Object.parse (native)
    at Request._callback (/root/git-house/simple-node-mvc/controllers/index.js:85:50)
    at self.callback (/root/git-house/simple-node-mvc/node_modules/request/request.js:199:22)
    at emitOne (events.js:90:13)
    at Request.emit (events.js:182:7)
    at Request.onRequestError (/root/git-house/simple-node-mvc/node_modules/request/request.js:821:8)
    at emitOne (events.js:90:13)
    at ClientRequest.emit (events.js:182:7)
    at Socket.socketErrorListener (_http_client.js:262:9)
    at emitOne (events.js:90:13)
SPDY Server running at https://0.0.0.0:443/
add new userAgent4c4efd7c00eaa111cb8d1e0f8341752b476dc07e918bd1fe6ae535b4032f1826
add new userAgent048f85854e855feecac1d3597d1b1e7287dae021cf3ac7b71c8a480da8bda4d8
add new userAgent9882517ddc06a22b330d47e2567a77a6fb41b98ae1fb5def118b4b40a81b9baf
add new userAgent903a2cd549bcefedcd7d443d60bbc8e6cef19f94d51638c45a0a53ccd32e752a
add new userAgent2c18572533bdf30c414cec217599750e13fc6cbe1c517dc964493b66c3647ff1
add new userAgent4c09086f01f1067691967888a91ed9c95412c93d4360739d84f3f2c830da2e00
add new userAgent7aef4a402d3a7ee102d17e5bbb874789c7f6ff424914abd23ad2f4a6c234455b
add new userAgentb3a2a913dd749402155e4f9ad8edd618147a89ae16b2cba912d30d13bcb074b5
undefined:1
undefined
^

SyntaxError: Unexpected token u
    at Object.parse (native)
    at Request._callback (/root/git-house/simple-node-mvc/controllers/index.js:85:50)
    at self.callback (/root/git-house/simple-node-mvc/node_modules/request/request.js:199:22)
    at emitOne (events.js:90:13)
    at Request.emit (events.js:182:7)
    at Request.onRequestError (/root/git-house/simple-node-mvc/node_modules/request/request.js:821:8)
    at emitOne (events.js:90:13)
    at ClientRequest.emit (events.js:182:7)
    at Socket.socketErrorListener (_http_client.js:262:9)
    at emitOne (events.js:90:13)
SPDY Server running at https://0.0.0.0:443/
add new userAgent606cbf38410487362d3ef6f99727a9c9ea7e7487772a2fcb54cf5918f0963987
add new userAgent3dfdefbcd9d95ee1705f1c9dad60dad784fd6a4803bcf4b0e382470fbf295588
add new userAgent4058b2832c247c42990be039a1e05bcdaf5c79bd99b81805cdc1884dffecffad
add new userAgentf585c7520c0659874ba1738174f11a3ddf3a8bafd36fbcbfdb17f49952b3b99b
add new userAgent1d6c126067735a43447b8d3c975b3d9a4966d396017b38e711ad16abcc35a089
add new userAgentdf6f9c9704a2041173a919ad026836c626682c77dea67753064f9ce341f94826
add new userAgent78b8e793ac2bd72309eaa9ccd9ee824936e5afcf82e6d4a444af2b5eab725220
undefined:1
undefined
^

SyntaxError: Unexpected token u
    at Object.parse (native)
    at Request._callback (/root/git-house/simple-node-mvc/controllers/index.js:85:50)
    at self.callback (/root/git-house/simple-node-mvc/node_modules/request/request.js:199:22)
    at emitOne (events.js:90:13)
    at Request.emit (events.js:182:7)
    at Request.onRequestError (/root/git-house/simple-node-mvc/node_modules/request/request.js:821:8)
    at emitOne (events.js:90:13)
    at ClientRequest.emit (events.js:182:7)
    at Socket.socketErrorListener (_http_client.js:262:9)
    at emitOne (events.js:90:13)
